<?xml version="1.0" encoding="UTF-8"?>
<!-- Generated by org.testng.reporters.JUnitReportReporter -->
<testsuite hostname="DESKTOP-HA3CHSD" failures="0" tests="4" name="ecommerce.test.EcommerceTest2" time="51.107" errors="0" timestamp="2024-12-05T11:16:11 IST" skipped="0">
  <testcase classname="ecommerce.test.EcommerceTest2" name="submitOrder" time="13.279"/>
  <testcase classname="ecommerce.test.EcommerceTest2" name="submitOrder" time="14.145"/>
  <testcase classname="ecommerce.test.EcommerceTest2" name="OrderHistoryTest" time="6.897"/>
  <testcase classname="ecommerce.test.EcommerceTest2" name="submitOrder" time="16.786"/>
</testsuite> <!-- ecommerce.test.EcommerceTest2 -->
