<?xml version="1.0" encoding="UTF-8"?>
<!-- Generated by org.testng.reporters.JUnitReportReporter -->
<testsuite hostname="DESKTOP-HA3CHSD" failures="0" tests="1" name="cucumber.TestNGCucumberTestRunner" time="7.574" errors="0" timestamp="2024-12-06T13:51:19 IST" skipped="0">
  <testcase classname="cucumber.TestNGCucumberTestRunner" name="runScenario" time="7.574"/>
</testsuite> <!-- cucumber.TestNGCucumberTestRunner -->
